<?xml version="1.0" encoding="UTF-8"?>
<!-- Generated by org.testng.reporters.JUnitReportReporter -->
<testsuite skipped="0" hostname="LAPTOP-BUU58E1V" name="demopackage.TEST01" tests="3" failures="0" timestamp="2021-04-22T12:56:40 EDT" time="20.088" errors="0">
  <testcase name="test2" time="7.502" classname="demopackage.TEST01"/>
  <system-out/>
  <testcase name="test3" time="3.855" classname="demopackage.TEST01"/>
  <system-out/>
  <testcase name="test1" time="8.731" classname="demopackage.TEST01"/>
  <system-out/>
</testsuite> <!-- demopackage.TEST01 -->
